<?xml version="1.0" encoding="UTF-8"?>
<!-- Generated by org.testng.reporters.JUnitReportReporter -->
<testsuite skipped="0" hostname="KAVI" name="org.run.Cart_CheckOut" tests="2" failures="0" timestamp="03 May 2023 01:15:21 GMT" time="0.663" errors="0">
  <testcase name="Login" time="0.313" classname="org.run.Cart_CheckOut"/>
  <testcase name="cart" time="0.350" classname="org.run.Cart_CheckOut"/>
</testsuite> <!-- org.run.Cart_CheckOut -->
