<?xml version="1.0" encoding="UTF-8"?>
<!-- Generated by org.testng.reporters.JUnitReportReporter -->
<testsuite skipped="0" hostname="KAVI" name="org.run.Login" tests="5" failures="0" timestamp="03 May 2023 01:15:21 GMT" time="8.426" errors="0">
  <testcase name="login_with_valid_date" time="5.901" classname="org.run.Login"/>
  <testcase name="login_with_valid_date1" time="0.510" classname="org.run.Login"/>
  <testcase name="launchURL" time="1.157" classname="org.run.Login"/>
  <testcase name="login_with_valid_date2" time="0.425" classname="org.run.Login"/>
  <testcase name="login_with_valid_date3" time="0.433" classname="org.run.Login"/>
</testsuite> <!-- org.run.Login -->
