<?xml version="1.0" encoding="UTF-8"?>
<!-- Generated by org.testng.reporters.JUnitReportReporter -->
<testsuite skipped="0" hostname="KAVI" name="org.run.Inventry_List_Page" tests="5" failures="0" timestamp="03 May 2023 01:15:21 GMT" time="10.795" errors="0">
  <testcase name="visibility_Check" time="9.285" classname="org.run.Inventry_List_Page"/>
  <testcase name="addToCart" time="1.095" classname="org.run.Inventry_List_Page"/>
  <testcase name="Login" time="0.304" classname="org.run.Inventry_List_Page"/>
  <testcase name="remove_Product" time="0.090" classname="org.run.Inventry_List_Page"/>
  <testcase name="Card_count" time="0.021" classname="org.run.Inventry_List_Page"/>
</testsuite> <!-- org.run.Inventry_List_Page -->
